2020-10-05 00:33:22.466 ERROR 89659 --- [main] o.s.boot.SpringApplication               : Application run failed

java.lang.IllegalStateException: Cannot load configuration class: com.liming.controller.HelloController
	at org.springframework.context.annotation.ConfigurationClassPostProcessor.enhanceConfigurationClasses(ConfigurationClassPostProcessor.java:393) ~[spring-context-5.2.9.RELEASE.jar:5.2.9.RELEASE]
	at org.springframework.context.annotation.ConfigurationClassPostProcessor.postProcessBeanFactory(ConfigurationClassPostProcessor.java:257) ~[spring-context-5.2.9.RELEASE.jar:5.2.9.RELEASE]
	at org.springframework.context.support.PostProcessorRegistrationDelegate.invokeBeanFactoryPostProcessors(PostProcessorRegistrationDelegate.java:291) ~[spring-context-5.2.9.RELEASE.jar:5.2.9.RELEASE]
	at org.springframework.context.support.PostProcessorRegistrationDelegate.invokeBeanFactoryPostProcessors(PostProcessorRegistrationDelegate.java:131) ~[spring-context-5.2.9.RELEASE.jar:5.2.9.RELEASE]
	at org.springframework.context.support.AbstractApplicationContext.invokeBeanFactoryPostProcessors(AbstractApplicationContext.java:707) ~[spring-context-5.2.9.RELEASE.jar:5.2.9.RELEASE]
	at org.springframework.context.support.AbstractApplicationContext.refresh(AbstractApplicationContext.java:533) ~[spring-context-5.2.9.RELEASE.jar:5.2.9.RELEASE]
	at org.springframework.boot.web.servlet.context.ServletWebServerApplicationContext.refresh(ServletWebServerApplicationContext.java:143) ~[spring-boot-2.3.4.RELEASE.jar:2.3.4.RELEASE]
	at org.springframework.boot.SpringApplication.refresh(SpringApplication.java:758) [spring-boot-2.3.4.RELEASE.jar:2.3.4.RELEASE]
	at org.springframework.boot.SpringApplication.refresh(SpringApplication.java:750) [spring-boot-2.3.4.RELEASE.jar:2.3.4.RELEASE]
	at org.springframework.boot.SpringApplication.refreshContext(SpringApplication.java:397) [spring-boot-2.3.4.RELEASE.jar:2.3.4.RELEASE]
	at org.springframework.boot.SpringApplication.run(SpringApplication.java:315) [spring-boot-2.3.4.RELEASE.jar:2.3.4.RELEASE]
	at org.springframework.boot.SpringApplication.run(SpringApplication.java:1237) [spring-boot-2.3.4.RELEASE.jar:2.3.4.RELEASE]
	at org.springframework.boot.SpringApplication.run(SpringApplication.java:1226) [spring-boot-2.3.4.RELEASE.jar:2.3.4.RELEASE]
	at com.liming.App.main(App.java:12) [classes/:na]
Caused by: java.lang.ClassNotFoundException: com.liming.controller.HelloController
	at java.net.URLClassLoader.findClass(URLClassLoader.java:382) ~[na:1.8.0_232]
	at java.lang.ClassLoader.loadClass(ClassLoader.java:418) ~[na:1.8.0_232]
	at sun.misc.Launcher$AppClassLoader.loadClass(Launcher.java:352) ~[na:1.8.0_232]
	at java.lang.ClassLoader.loadClass(ClassLoader.java:351) ~[na:1.8.0_232]
	at java.lang.Class.forName0(Native Method) ~[na:1.8.0_232]
	at java.lang.Class.forName(Class.java:348) ~[na:1.8.0_232]
	at org.springframework.util.ClassUtils.forName(ClassUtils.java:284) ~[spring-core-5.2.9.RELEASE.jar:5.2.9.RELEASE]
	at org.springframework.beans.factory.support.AbstractBeanDefinition.resolveBeanClass(AbstractBeanDefinition.java:469) ~[spring-beans-5.2.9.RELEASE.jar:5.2.9.RELEASE]
	at org.springframework.context.annotation.ConfigurationClassPostProcessor.enhanceConfigurationClasses(ConfigurationClassPostProcessor.java:389) ~[spring-context-5.2.9.RELEASE.jar:5.2.9.RELEASE]
	... 13 common frames omitted

2020-10-05 10:13:15.252  INFO 9637 --- [main] com.liming.AppTest                       : Starting AppTest on LimingdeMBP.lan with PID 9637 (started by yiliming in /Users/yiliming/Code/SpringBootDemo)
2020-10-05 10:13:15.253 DEBUG 9637 --- [main] com.liming.AppTest                       : Running with Spring Boot v2.3.4.RELEASE, Spring v5.2.9.RELEASE
2020-10-05 10:13:15.254  INFO 9637 --- [main] com.liming.AppTest                       : No active profile set, falling back to default profiles: default
2020-10-05 10:13:15.795  WARN 9637 --- [main] o.m.s.mapper.ClassPathMapperScanner      : Skipping MapperFactoryBean with name 'userMapper' and 'com.liming.mapper.UserMapper' mapperInterface. Bean already defined with the same name!
2020-10-05 10:13:15.795  WARN 9637 --- [main] o.m.s.mapper.ClassPathMapperScanner      : No MyBatis mapper was found in '[com.liming.mapper]' package. Please check your configuration.
2020-10-05 10:13:16.331  INFO 9637 --- [main] o.s.s.concurrent.ThreadPoolTaskExecutor  : Initializing ExecutorService 'applicationTaskExecutor'
2020-10-05 10:13:16.434  INFO 9637 --- [main] o.s.b.a.w.s.WelcomePageHandlerMapping    : Adding welcome page: class path resource [static/index.html]
2020-10-05 10:13:17.003  INFO 9637 --- [main] com.liming.AppTest                       : Started AppTest in 2.014 seconds (JVM running for 2.88)
2020-10-05 10:13:17.268  INFO 9637 --- [main] com.zaxxer.hikari.HikariDataSource       : test - Starting...
2020-10-05 10:13:17.593  INFO 9637 --- [main] com.zaxxer.hikari.HikariDataSource       : test - Start completed.
2020-10-05 10:13:17.600 DEBUG 9637 --- [main] com.liming.mapper.UserMapper.selectList  : ==>  Preparing: SELECT id,name,age,email FROM user
2020-10-05 10:13:17.625 DEBUG 9637 --- [main] com.liming.mapper.UserMapper.selectList  : ==> Parameters: 
2020-10-05 10:13:17.650 DEBUG 9637 --- [main] com.liming.mapper.UserMapper.selectList  : <==      Total: 5
2020-10-05 10:13:17.669 DEBUG 9637 --- [main] com.liming.mapper.UserMapper.insert      : ==>  Preparing: INSERT INTO user ( id, name, age, email ) VALUES ( ?, ?, ?, ? )
2020-10-05 10:13:17.671 DEBUG 9637 --- [main] com.liming.mapper.UserMapper.insert      : ==> Parameters: 1312938883333656578(Long), 小羊(String), 3(Integer), abc@mp.com(String)
2020-10-05 10:13:17.675 DEBUG 9637 --- [main] com.liming.mapper.UserMapper.insert      : <==    Updates: 1
2020-10-05 10:13:17.754 DEBUG 9637 --- [main] com.liming.mapper.UserMapper.selectMaps  : ==>  Preparing: SELECT id,name,age,email FROM user ORDER BY age ASC
2020-10-05 10:13:17.754 DEBUG 9637 --- [main] com.liming.mapper.UserMapper.selectMaps  : ==> Parameters: 
2020-10-05 10:13:17.763 DEBUG 9637 --- [main] com.liming.mapper.UserMapper.selectMaps  : <==      Total: 6
2020-10-05 10:13:17.780 DEBUG 9637 --- [main] com.liming.mapper.UserMapper.selectList  : ==>  Preparing: SELECT id,name,age,email FROM user ORDER BY age ASC
2020-10-05 10:13:17.780 DEBUG 9637 --- [main] com.liming.mapper.UserMapper.selectList  : ==> Parameters: 
2020-10-05 10:13:17.784 DEBUG 9637 --- [main] com.liming.mapper.UserMapper.selectList  : <==      Total: 6
2020-10-05 10:13:17.790 DEBUG 9637 --- [main] com.liming.mapper.UserMapper.selectMaps  : ==>  Preparing: SELECT age, count(*) FROM user GROUP BY age
2020-10-05 10:13:17.791 DEBUG 9637 --- [main] com.liming.mapper.UserMapper.selectMaps  : ==> Parameters: 
2020-10-05 10:13:17.794 DEBUG 9637 --- [main] com.liming.mapper.UserMapper.selectMaps  : <==      Total: 6
2020-10-05 10:13:17.808 DEBUG 9637 --- [main] com.liming.mapper.UserMapper.selectList  : ==>  Preparing: SELECT age FROM user GROUP BY age ORDER BY age ASC
2020-10-05 10:13:17.809 DEBUG 9637 --- [main] com.liming.mapper.UserMapper.selectList  : ==> Parameters: 
2020-10-05 10:13:17.813 DEBUG 9637 --- [main] com.liming.mapper.UserMapper.selectList  : <==      Total: 6
2020-10-05 10:13:17.820 DEBUG 9637 --- [main] com.liming.mapper.UserMapper.selectList  : ==>  Preparing: SELECT id,name,age,email FROM user ORDER BY age ASC
2020-10-05 10:13:17.821 DEBUG 9637 --- [main] com.liming.mapper.UserMapper.selectList  : ==> Parameters: 
2020-10-05 10:13:17.824 DEBUG 9637 --- [main] com.liming.mapper.UserMapper.selectList  : <==      Total: 6
2020-10-05 10:13:17.830 DEBUG 9637 --- [main] com.liming.mapper.UserMapper.deleteById  : ==>  Preparing: DELETE FROM user WHERE id=?
2020-10-05 10:13:17.830 DEBUG 9637 --- [main] com.liming.mapper.UserMapper.deleteById  : ==> Parameters: 3(Long)
2020-10-05 10:13:17.833 DEBUG 9637 --- [main] com.liming.mapper.UserMapper.deleteById  : <==    Updates: 1
2020-10-05 10:13:17.841 DEBUG 9637 --- [main] com.liming.mapper.UserMapper.delete      : ==>  Preparing: DELETE FROM user WHERE (name = ?)
2020-10-05 10:13:17.850 DEBUG 9637 --- [main] com.liming.mapper.UserMapper.delete      : ==> Parameters: Sandy(String)
2020-10-05 10:13:17.872 DEBUG 9637 --- [main] com.liming.mapper.UserMapper.delete      : <==    Updates: 1
2020-10-05 10:13:17.879 DEBUG 9637 --- [main] com.liming.mapper.UserMapper.selectOne   : ==>  Preparing: SELECT max(id) as id FROM user
2020-10-05 10:13:17.880 DEBUG 9637 --- [main] com.liming.mapper.UserMapper.selectOne   : ==> Parameters: 
2020-10-05 10:13:17.895 DEBUG 9637 --- [main] com.liming.mapper.UserMapper.selectOne   : <==      Total: 1
2020-10-05 10:13:17.898 DEBUG 9637 --- [main] com.liming.mapper.UserMapper.selectList  : ==>  Preparing: SELECT id,name,age,email FROM user ORDER BY id DESC
2020-10-05 10:13:17.899 DEBUG 9637 --- [main] com.liming.mapper.UserMapper.selectList  : ==> Parameters: 
2020-10-05 10:13:17.961 DEBUG 9637 --- [main] com.liming.mapper.UserMapper.selectList  : <==      Total: 4
2020-10-05 10:13:17.965 DEBUG 9637 --- [main] com.liming.mapper.UserMapper.selectList  : ==>  Preparing: SELECT age, count(age) as count FROM user GROUP BY age
2020-10-05 10:13:17.966 DEBUG 9637 --- [main] com.liming.mapper.UserMapper.selectList  : ==> Parameters: 
2020-10-05 10:13:17.967 DEBUG 9637 --- [main] com.liming.mapper.UserMapper.selectList  : <==      Total: 4
2020-10-05 10:13:17.969 DEBUG 9637 --- [main] com.liming.mapper.UserMapper.insert      : ==>  Preparing: INSERT INTO user ( id, name, age, email ) VALUES ( ?, ?, ?, ? )
2020-10-05 10:13:17.969 DEBUG 9637 --- [main] com.liming.mapper.UserMapper.insert      : ==> Parameters: 10088(Long), miemie(String), 3(Integer), miemie@baomidou.com(String)
2020-10-05 10:13:17.971 DEBUG 9637 --- [main] com.liming.mapper.UserMapper.insert      : <==    Updates: 1
2020-10-05 10:13:17.972 DEBUG 9637 --- [main] com.liming.mapper.UserMapper.selectById  : ==>  Preparing: SELECT id,name,age,email FROM user WHERE id=?
2020-10-05 10:13:17.972 DEBUG 9637 --- [main] com.liming.mapper.UserMapper.selectById  : ==> Parameters: 10088(Long)
2020-10-05 10:13:17.974 DEBUG 9637 --- [main] com.liming.mapper.UserMapper.selectById  : <==      Total: 1
2020-10-05 10:13:17.978 DEBUG 9637 --- [main] com.liming.mapper.UserMapper.updateById  : ==>  Preparing: UPDATE user SET email=? WHERE id=?
2020-10-05 10:13:17.979 DEBUG 9637 --- [main] com.liming.mapper.UserMapper.updateById  : ==> Parameters: ab@c.c(String), 1(Long)
2020-10-05 10:13:17.981 DEBUG 9637 --- [main] com.liming.mapper.UserMapper.updateById  : <==    Updates: 1
2020-10-05 10:13:17.987 DEBUG 9637 --- [main] com.liming.mapper.UserMapper.update      : ==>  Preparing: UPDATE user SET name=?, age=? WHERE (id = ?)
2020-10-05 10:13:17.989 DEBUG 9637 --- [main] com.liming.mapper.UserMapper.update      : ==> Parameters: mp(String), 3(Integer), 2(Integer)
2020-10-05 10:13:17.992 DEBUG 9637 --- [main] com.liming.mapper.UserMapper.update      : <==    Updates: 1
2020-10-05 10:13:17.994 DEBUG 9637 --- [main] com.liming.mapper.UserMapper.selectById  : ==>  Preparing: SELECT id,name,age,email FROM user WHERE id=?
2020-10-05 10:13:17.994 DEBUG 9637 --- [main] com.liming.mapper.UserMapper.selectById  : ==> Parameters: 2(Integer)
2020-10-05 10:13:18.011 DEBUG 9637 --- [main] com.liming.mapper.UserMapper.selectById  : <==      Total: 1
2020-10-05 10:13:18.019 DEBUG 9637 --- [main] com.liming.mapper.UserMapper.update      : ==>  Preparing: UPDATE user SET email=? WHERE (id = ?)
2020-10-05 10:13:18.020 DEBUG 9637 --- [main] com.liming.mapper.UserMapper.update      : ==> Parameters: null, 2(Integer)
2020-10-05 10:13:18.022 DEBUG 9637 --- [main] com.liming.mapper.UserMapper.update      : <==    Updates: 1
2020-10-05 10:13:18.023 DEBUG 9637 --- [main] com.liming.mapper.UserMapper.selectById  : ==>  Preparing: SELECT id,name,age,email FROM user WHERE id=?
2020-10-05 10:13:18.023 DEBUG 9637 --- [main] com.liming.mapper.UserMapper.selectById  : ==> Parameters: 1(Integer)
2020-10-05 10:13:18.025 DEBUG 9637 --- [main] com.liming.mapper.UserMapper.selectById  : <==      Total: 1
2020-10-05 10:13:18.026 DEBUG 9637 --- [main] com.liming.mapper.UserMapper.selectById  : ==>  Preparing: SELECT id,name,age,email FROM user WHERE id=?
2020-10-05 10:13:18.026 DEBUG 9637 --- [main] com.liming.mapper.UserMapper.selectById  : ==> Parameters: 2(Integer)
2020-10-05 10:13:18.027 DEBUG 9637 --- [main] com.liming.mapper.UserMapper.selectById  : <==      Total: 1
2020-10-05 10:13:18.032 DEBUG 9637 --- [main] com.liming.mapper.UserMapper.update      : ==>  Preparing: UPDATE user SET email=? WHERE (id = ?)
2020-10-05 10:13:18.033 DEBUG 9637 --- [main] com.liming.mapper.UserMapper.update      : ==> Parameters: miemie@baomidou.com(String), 2(Integer)
2020-10-05 10:13:18.061 DEBUG 9637 --- [main] com.liming.mapper.UserMapper.update      : <==    Updates: 1
2020-10-05 10:13:18.062 DEBUG 9637 --- [main] com.liming.mapper.UserMapper.selectById  : ==>  Preparing: SELECT id,name,age,email FROM user WHERE id=?
2020-10-05 10:13:18.062 DEBUG 9637 --- [main] com.liming.mapper.UserMapper.selectById  : ==> Parameters: 2(Integer)
2020-10-05 10:13:18.063 DEBUG 9637 --- [main] com.liming.mapper.UserMapper.selectById  : <==      Total: 1
2020-10-05 10:13:18.069 DEBUG 9637 --- [main] com.liming.mapper.UserMapper.update      : ==>  Preparing: UPDATE user SET email=?, age=? WHERE (id = ?)
2020-10-05 10:13:18.070 DEBUG 9637 --- [main] com.liming.mapper.UserMapper.update      : ==> Parameters: miemie2@baomidou.com(String), null, 2(Integer)
2020-10-05 10:13:18.073 DEBUG 9637 --- [main] com.liming.mapper.UserMapper.update      : <==    Updates: 1
2020-10-05 10:13:18.074 DEBUG 9637 --- [main] com.liming.mapper.UserMapper.selectById  : ==>  Preparing: SELECT id,name,age,email FROM user WHERE id=?
2020-10-05 10:13:18.075 DEBUG 9637 --- [main] com.liming.mapper.UserMapper.selectById  : ==> Parameters: 2(Integer)
2020-10-05 10:13:18.077 DEBUG 9637 --- [main] com.liming.mapper.UserMapper.selectById  : <==      Total: 1
2020-10-05 10:13:18.082 DEBUG 9637 --- [main] com.liming.mapper.UserMapper.insert      : ==>  Preparing: INSERT INTO user ( id, name, age, email ) VALUES ( ?, ?, ?, ? )
2020-10-05 10:13:18.083 DEBUG 9637 --- [main] com.liming.mapper.UserMapper.insert      : ==> Parameters: 10086(Long), miemie(String), 3(Integer), miemie@baomidou.com(String)
2020-10-05 10:13:18.087 DEBUG 9637 --- [main] com.liming.mapper.UserMapper.insert      : <==    Updates: 1
2020-10-05 10:13:18.088 DEBUG 9637 --- [main] com.liming.mapper.UserMapper.selectById  : ==>  Preparing: SELECT id,name,age,email FROM user WHERE id=?
2020-10-05 10:13:18.089 DEBUG 9637 --- [main] com.liming.mapper.UserMapper.selectById  : ==> Parameters: 10086(Long)
2020-10-05 10:13:18.091 DEBUG 9637 --- [main] com.liming.mapper.UserMapper.selectById  : <==      Total: 1
2020-10-05 10:13:18.096 DEBUG 9637 --- [main] com.liming.mapper.UserMapper.selectOne   : ==>  Preparing: SELECT id,name,age,email FROM user WHERE (id = ?)
2020-10-05 10:13:18.097 DEBUG 9637 --- [main] com.liming.mapper.UserMapper.selectOne   : ==> Parameters: 10086(Integer)
2020-10-05 10:13:18.112 DEBUG 9637 --- [main] com.liming.mapper.UserMapper.selectOne   : <==      Total: 1
2020-10-05 10:13:18.115 DEBUG 9637 --- [main] com.liming.mapper.UserMapper.selectList  : ==>  Preparing: SELECT id FROM user
2020-10-05 10:13:18.115 DEBUG 9637 --- [main] com.liming.mapper.UserMapper.selectList  : ==> Parameters: 
2020-10-05 10:13:18.118 DEBUG 9637 --- [main] com.liming.mapper.UserMapper.selectList  : <==      Total: 6
2020-10-05 10:13:18.120 DEBUG 9637 --- [main] com.liming.mapper.UserMapper.selectList  : ==>  Preparing: SELECT id,name FROM user
2020-10-05 10:13:18.120 DEBUG 9637 --- [main] com.liming.mapper.UserMapper.selectList  : ==> Parameters: 
2020-10-05 10:13:18.122 DEBUG 9637 --- [main] com.liming.mapper.UserMapper.selectList  : <==      Total: 6
2020-10-05 10:13:18.131 DEBUG 9637 --- [main] c.l.mapper.UserMapper.selectMapsPage     : ==>  Preparing: SELECT id,name,age,email FROM user ORDER BY age ASC
2020-10-05 10:13:18.132 DEBUG 9637 --- [main] c.l.mapper.UserMapper.selectMapsPage     : ==> Parameters: 
2020-10-05 10:13:18.134 DEBUG 9637 --- [main] c.l.mapper.UserMapper.selectMapsPage     : <==      Total: 6
2020-10-05 10:13:18.154  INFO 9637 --- [SpringContextShutdownHook] com.zaxxer.hikari.HikariDataSource       : test - Shutdown initiated...
2020-10-05 10:13:18.164  INFO 9637 --- [SpringContextShutdownHook] com.zaxxer.hikari.HikariDataSource       : test - Shutdown completed.
2020-10-05 10:13:18.165  INFO 9637 --- [SpringContextShutdownHook] o.s.s.concurrent.ThreadPoolTaskExecutor  : Shutting down ExecutorService 'applicationTaskExecutor'
2020-10-05 10:13:42.853  INFO 9659 --- [main] com.liming.CrudApplicationTest           : Starting CrudApplicationTest on LimingdeMBP.lan with PID 9659 (started by yiliming in /Users/yiliming/Code/SpringBootDemo)
2020-10-05 10:13:42.854 DEBUG 9659 --- [main] com.liming.CrudApplicationTest           : Running with Spring Boot v2.3.4.RELEASE, Spring v5.2.9.RELEASE
2020-10-05 10:13:42.854  INFO 9659 --- [main] com.liming.CrudApplicationTest           : No active profile set, falling back to default profiles: default
2020-10-05 10:13:43.461  WARN 9659 --- [main] o.m.s.mapper.ClassPathMapperScanner      : Skipping MapperFactoryBean with name 'userMapper' and 'com.liming.mapper.UserMapper' mapperInterface. Bean already defined with the same name!
2020-10-05 10:13:43.461  WARN 9659 --- [main] o.m.s.mapper.ClassPathMapperScanner      : No MyBatis mapper was found in '[com.liming.mapper]' package. Please check your configuration.
2020-10-05 10:13:43.982  INFO 9659 --- [main] o.s.s.concurrent.ThreadPoolTaskExecutor  : Initializing ExecutorService 'applicationTaskExecutor'
2020-10-05 10:13:44.079  INFO 9659 --- [main] o.s.b.a.w.s.WelcomePageHandlerMapping    : Adding welcome page: class path resource [static/index.html]
2020-10-05 10:13:44.628  INFO 9659 --- [main] com.liming.CrudApplicationTest           : Started CrudApplicationTest in 2.126 seconds (JVM running for 2.863)
2020-10-05 10:13:44.889  INFO 9659 --- [main] com.zaxxer.hikari.HikariDataSource       : test - Starting...
2020-10-05 10:13:45.189  INFO 9659 --- [main] com.zaxxer.hikari.HikariDataSource       : test - Start completed.
2020-10-05 10:13:45.195 DEBUG 9659 --- [main] com.liming.mapper.UserMapper.insert      : ==>  Preparing: INSERT INTO user ( id, name, age, email ) VALUES ( ?, ?, ?, ? )
2020-10-05 10:13:45.218 DEBUG 9659 --- [main] com.liming.mapper.UserMapper.insert      : ==> Parameters: 1312938997481639938(Long), 小羊(String), 3(Integer), abc@mp.com(String)
2020-10-05 10:13:45.222 DEBUG 9659 --- [main] com.liming.mapper.UserMapper.insert      : <==    Updates: 1
2020-10-05 10:13:45.301 DEBUG 9659 --- [main] com.liming.mapper.UserMapper.selectMaps  : ==>  Preparing: SELECT id,name,age,email FROM user ORDER BY age ASC
2020-10-05 10:13:45.301 DEBUG 9659 --- [main] com.liming.mapper.UserMapper.selectMaps  : ==> Parameters: 
2020-10-05 10:13:45.336 DEBUG 9659 --- [main] com.liming.mapper.UserMapper.selectMaps  : <==      Total: 7
2020-10-05 10:13:45.360 DEBUG 9659 --- [main] com.liming.mapper.UserMapper.selectList  : ==>  Preparing: SELECT id,name,age,email FROM user ORDER BY age ASC
2020-10-05 10:13:45.360 DEBUG 9659 --- [main] com.liming.mapper.UserMapper.selectList  : ==> Parameters: 
2020-10-05 10:13:45.363 DEBUG 9659 --- [main] com.liming.mapper.UserMapper.selectList  : <==      Total: 7
2020-10-05 10:13:45.373 DEBUG 9659 --- [main] com.liming.mapper.UserMapper.selectMaps  : ==>  Preparing: SELECT age, count(*) FROM user GROUP BY age
2020-10-05 10:13:45.374 DEBUG 9659 --- [main] com.liming.mapper.UserMapper.selectMaps  : ==> Parameters: 
2020-10-05 10:13:45.377 DEBUG 9659 --- [main] com.liming.mapper.UserMapper.selectMaps  : <==      Total: 4
2020-10-05 10:13:45.402 DEBUG 9659 --- [main] com.liming.mapper.UserMapper.selectList  : ==>  Preparing: SELECT age FROM user GROUP BY age ORDER BY age ASC
2020-10-05 10:13:45.403 DEBUG 9659 --- [main] com.liming.mapper.UserMapper.selectList  : ==> Parameters: 
2020-10-05 10:13:45.413 DEBUG 9659 --- [main] com.liming.mapper.UserMapper.selectList  : <==      Total: 4
2020-10-05 10:13:45.421 DEBUG 9659 --- [main] com.liming.mapper.UserMapper.selectList  : ==>  Preparing: SELECT id,name,age,email FROM user ORDER BY age ASC
2020-10-05 10:13:45.421 DEBUG 9659 --- [main] com.liming.mapper.UserMapper.selectList  : ==> Parameters: 
2020-10-05 10:13:45.424 DEBUG 9659 --- [main] com.liming.mapper.UserMapper.selectList  : <==      Total: 7
2020-10-05 10:13:45.431 DEBUG 9659 --- [main] com.liming.mapper.UserMapper.deleteById  : ==>  Preparing: DELETE FROM user WHERE id=?
2020-10-05 10:13:45.433 DEBUG 9659 --- [main] com.liming.mapper.UserMapper.deleteById  : ==> Parameters: 3(Long)
2020-10-05 10:13:45.436 DEBUG 9659 --- [main] com.liming.mapper.UserMapper.deleteById  : <==    Updates: 0
2020-10-05 10:13:45.460 DEBUG 9659 --- [main] com.liming.mapper.UserMapper.selectOne   : ==>  Preparing: SELECT max(id) as id FROM user
2020-10-05 10:13:45.461 DEBUG 9659 --- [main] com.liming.mapper.UserMapper.selectOne   : ==> Parameters: 
2020-10-05 10:13:45.464 DEBUG 9659 --- [main] com.liming.mapper.UserMapper.selectOne   : <==      Total: 1
2020-10-05 10:13:45.470 DEBUG 9659 --- [main] com.liming.mapper.UserMapper.selectList  : ==>  Preparing: SELECT id,name,age,email FROM user ORDER BY id DESC
2020-10-05 10:13:45.471 DEBUG 9659 --- [main] com.liming.mapper.UserMapper.selectList  : ==> Parameters: 
2020-10-05 10:13:45.477 DEBUG 9659 --- [main] com.liming.mapper.UserMapper.selectList  : <==      Total: 7
2020-10-05 10:13:45.484 DEBUG 9659 --- [main] com.liming.mapper.UserMapper.selectList  : ==>  Preparing: SELECT age, count(age) as count FROM user GROUP BY age
2020-10-05 10:13:45.485 DEBUG 9659 --- [main] com.liming.mapper.UserMapper.selectList  : ==> Parameters: 
2020-10-05 10:13:45.489 DEBUG 9659 --- [main] com.liming.mapper.UserMapper.selectList  : <==      Total: 4
2020-10-05 10:13:45.501 DEBUG 9659 --- [main] com.liming.mapper.UserMapper.updateById  : ==>  Preparing: UPDATE user SET email=? WHERE id=?
2020-10-05 10:13:45.510 DEBUG 9659 --- [main] com.liming.mapper.UserMapper.updateById  : ==> Parameters: ab@c.c(String), 1(Long)
2020-10-05 10:13:45.514 DEBUG 9659 --- [main] com.liming.mapper.UserMapper.updateById  : <==    Updates: 1
2020-10-05 10:13:45.530 DEBUG 9659 --- [main] com.liming.mapper.UserMapper.update      : ==>  Preparing: UPDATE user SET name=?, age=? WHERE (id = ?)
2020-10-05 10:13:45.534 DEBUG 9659 --- [main] com.liming.mapper.UserMapper.update      : ==> Parameters: mp(String), 3(Integer), 2(Integer)
2020-10-05 10:13:45.538 DEBUG 9659 --- [main] com.liming.mapper.UserMapper.update      : <==    Updates: 1
2020-10-05 10:13:45.539 DEBUG 9659 --- [main] com.liming.mapper.UserMapper.selectById  : ==>  Preparing: SELECT id,name,age,email FROM user WHERE id=?
2020-10-05 10:13:45.540 DEBUG 9659 --- [main] com.liming.mapper.UserMapper.selectById  : ==> Parameters: 2(Integer)
2020-10-05 10:13:45.542 DEBUG 9659 --- [main] com.liming.mapper.UserMapper.selectById  : <==      Total: 1
2020-10-05 10:13:45.554 DEBUG 9659 --- [main] com.liming.mapper.UserMapper.update      : ==>  Preparing: UPDATE user SET email=? WHERE (id = ?)
2020-10-05 10:13:45.555 DEBUG 9659 --- [main] com.liming.mapper.UserMapper.update      : ==> Parameters: null, 2(Integer)
2020-10-05 10:13:45.562 DEBUG 9659 --- [main] com.liming.mapper.UserMapper.update      : <==    Updates: 1
2020-10-05 10:13:45.563 DEBUG 9659 --- [main] com.liming.mapper.UserMapper.selectById  : ==>  Preparing: SELECT id,name,age,email FROM user WHERE id=?
2020-10-05 10:13:45.563 DEBUG 9659 --- [main] com.liming.mapper.UserMapper.selectById  : ==> Parameters: 1(Integer)
2020-10-05 10:13:45.565 DEBUG 9659 --- [main] com.liming.mapper.UserMapper.selectById  : <==      Total: 1
2020-10-05 10:13:45.566 DEBUG 9659 --- [main] com.liming.mapper.UserMapper.selectById  : ==>  Preparing: SELECT id,name,age,email FROM user WHERE id=?
2020-10-05 10:13:45.569 DEBUG 9659 --- [main] com.liming.mapper.UserMapper.selectById  : ==> Parameters: 2(Integer)
2020-10-05 10:13:45.572 DEBUG 9659 --- [main] com.liming.mapper.UserMapper.selectById  : <==      Total: 1
2020-10-05 10:13:45.578 DEBUG 9659 --- [main] com.liming.mapper.UserMapper.update      : ==>  Preparing: UPDATE user SET email=? WHERE (id = ?)
2020-10-05 10:13:45.579 DEBUG 9659 --- [main] com.liming.mapper.UserMapper.update      : ==> Parameters: miemie@baomidou.com(String), 2(Integer)
2020-10-05 10:13:45.581 DEBUG 9659 --- [main] com.liming.mapper.UserMapper.update      : <==    Updates: 1
2020-10-05 10:13:45.582 DEBUG 9659 --- [main] com.liming.mapper.UserMapper.selectById  : ==>  Preparing: SELECT id,name,age,email FROM user WHERE id=?
2020-10-05 10:13:45.582 DEBUG 9659 --- [main] com.liming.mapper.UserMapper.selectById  : ==> Parameters: 2(Integer)
2020-10-05 10:13:45.583 DEBUG 9659 --- [main] com.liming.mapper.UserMapper.selectById  : <==      Total: 1
2020-10-05 10:13:45.587 DEBUG 9659 --- [main] com.liming.mapper.UserMapper.update      : ==>  Preparing: UPDATE user SET email=?, age=? WHERE (id = ?)
2020-10-05 10:13:45.588 DEBUG 9659 --- [main] com.liming.mapper.UserMapper.update      : ==> Parameters: miemie2@baomidou.com(String), null, 2(Integer)
2020-10-05 10:13:45.589 DEBUG 9659 --- [main] com.liming.mapper.UserMapper.update      : <==    Updates: 1
2020-10-05 10:13:45.589 DEBUG 9659 --- [main] com.liming.mapper.UserMapper.selectById  : ==>  Preparing: SELECT id,name,age,email FROM user WHERE id=?
2020-10-05 10:13:45.590 DEBUG 9659 --- [main] com.liming.mapper.UserMapper.selectById  : ==> Parameters: 2(Integer)
2020-10-05 10:13:45.591 DEBUG 9659 --- [main] com.liming.mapper.UserMapper.selectById  : <==      Total: 1
2020-10-05 10:13:45.595 DEBUG 9659 --- [main] com.liming.mapper.UserMapper.insert      : ==>  Preparing: INSERT INTO user ( id, name, age, email ) VALUES ( ?, ?, ?, ? )
2020-10-05 10:13:45.596 DEBUG 9659 --- [main] com.liming.mapper.UserMapper.insert      : ==> Parameters: 10086(Long), miemie(String), 3(Integer), miemie@baomidou.com(String)
2020-10-05 10:13:45.688 DEBUG 9659 --- [main] c.l.mapper.UserMapper.selectMapsPage     : ==>  Preparing: SELECT id,name,age,email FROM user ORDER BY age ASC
2020-10-05 10:13:45.688 DEBUG 9659 --- [main] c.l.mapper.UserMapper.selectMapsPage     : ==> Parameters: 
2020-10-05 10:13:45.691 DEBUG 9659 --- [main] c.l.mapper.UserMapper.selectMapsPage     : <==      Total: 7
2020-10-05 10:13:45.703  INFO 9659 --- [SpringContextShutdownHook] com.zaxxer.hikari.HikariDataSource       : test - Shutdown initiated...
2020-10-05 10:13:45.710  INFO 9659 --- [SpringContextShutdownHook] com.zaxxer.hikari.HikariDataSource       : test - Shutdown completed.
2020-10-05 10:13:45.711  INFO 9659 --- [SpringContextShutdownHook] o.s.s.concurrent.ThreadPoolTaskExecutor  : Shutting down ExecutorService 'applicationTaskExecutor'
2020-10-05 10:17:18.278  INFO 9702 --- [main] com.liming.CrudApplicationTest           : Starting CrudApplicationTest on LimingdeMBP.lan with PID 9702 (started by yiliming in /Users/yiliming/Code/SpringBootDemo)
2020-10-05 10:17:18.280 DEBUG 9702 --- [main] com.liming.CrudApplicationTest           : Running with Spring Boot v2.3.4.RELEASE, Spring v5.2.9.RELEASE
2020-10-05 10:17:18.281  INFO 9702 --- [main] com.liming.CrudApplicationTest           : No active profile set, falling back to default profiles: default
2020-10-05 10:17:18.863  WARN 9702 --- [main] o.m.s.mapper.ClassPathMapperScanner      : Skipping MapperFactoryBean with name 'userMapper' and 'com.liming.mapper.UserMapper' mapperInterface. Bean already defined with the same name!
2020-10-05 10:17:18.863  WARN 9702 --- [main] o.m.s.mapper.ClassPathMapperScanner      : No MyBatis mapper was found in '[com.liming.mapper]' package. Please check your configuration.
2020-10-05 10:17:19.372  INFO 9702 --- [main] o.s.s.concurrent.ThreadPoolTaskExecutor  : Initializing ExecutorService 'applicationTaskExecutor'
2020-10-05 10:17:19.473  INFO 9702 --- [main] o.s.b.a.w.s.WelcomePageHandlerMapping    : Adding welcome page: class path resource [static/index.html]
2020-10-05 10:17:19.997  INFO 9702 --- [main] com.liming.CrudApplicationTest           : Started CrudApplicationTest in 2.062 seconds (JVM running for 2.841)
2020-10-05 10:17:20.291  INFO 9702 --- [main] com.zaxxer.hikari.HikariDataSource       : test - Starting...
2020-10-05 10:17:20.580  INFO 9702 --- [main] com.zaxxer.hikari.HikariDataSource       : test - Start completed.
2020-10-05 10:17:20.586 DEBUG 9702 --- [main] com.liming.mapper.UserMapper.insert      : ==>  Preparing: INSERT INTO user ( id, name, age, email ) VALUES ( ?, ?, ?, ? )
2020-10-05 10:17:20.608 DEBUG 9702 --- [main] com.liming.mapper.UserMapper.insert      : ==> Parameters: 1312939900947300353(Long), 小羊(String), 3(Integer), abc@mp.com(String)
2020-10-05 10:17:20.611 DEBUG 9702 --- [main] com.liming.mapper.UserMapper.insert      : <==    Updates: 1
2020-10-05 10:17:20.690 DEBUG 9702 --- [main] com.liming.mapper.UserMapper.selectMaps  : ==>  Preparing: SELECT id,name,age,email FROM user ORDER BY age ASC
2020-10-05 10:17:20.690 DEBUG 9702 --- [main] com.liming.mapper.UserMapper.selectMaps  : ==> Parameters: 
2020-10-05 10:17:20.728 DEBUG 9702 --- [main] com.liming.mapper.UserMapper.selectMaps  : <==      Total: 1
2020-10-05 10:17:20.751 DEBUG 9702 --- [main] com.liming.mapper.UserMapper.selectList  : ==>  Preparing: SELECT id,name,age,email FROM user ORDER BY age ASC
2020-10-05 10:17:20.751 DEBUG 9702 --- [main] com.liming.mapper.UserMapper.selectList  : ==> Parameters: 
2020-10-05 10:17:20.753 DEBUG 9702 --- [main] com.liming.mapper.UserMapper.selectList  : <==      Total: 1
2020-10-05 10:17:20.763 DEBUG 9702 --- [main] com.liming.mapper.UserMapper.selectMaps  : ==>  Preparing: SELECT age, count(*) FROM user GROUP BY age
2020-10-05 10:17:20.764 DEBUG 9702 --- [main] com.liming.mapper.UserMapper.selectMaps  : ==> Parameters: 
2020-10-05 10:17:20.765 DEBUG 9702 --- [main] com.liming.mapper.UserMapper.selectMaps  : <==      Total: 1
2020-10-05 10:17:20.790 DEBUG 9702 --- [main] com.liming.mapper.UserMapper.selectList  : ==>  Preparing: SELECT age FROM user GROUP BY age ORDER BY age ASC
2020-10-05 10:17:20.790 DEBUG 9702 --- [main] com.liming.mapper.UserMapper.selectList  : ==> Parameters: 
2020-10-05 10:17:20.803 DEBUG 9702 --- [main] com.liming.mapper.UserMapper.selectList  : <==      Total: 1
2020-10-05 10:17:20.816 DEBUG 9702 --- [main] com.liming.mapper.UserMapper.selectList  : ==>  Preparing: SELECT id,name,age,email FROM user ORDER BY age ASC
2020-10-05 10:17:20.817 DEBUG 9702 --- [main] com.liming.mapper.UserMapper.selectList  : ==> Parameters: 
2020-10-05 10:17:20.819 DEBUG 9702 --- [main] com.liming.mapper.UserMapper.selectList  : <==      Total: 1
2020-10-05 10:17:20.824 DEBUG 9702 --- [main] com.liming.mapper.UserMapper.deleteById  : ==>  Preparing: DELETE FROM user WHERE id=?
2020-10-05 10:17:20.825 DEBUG 9702 --- [main] com.liming.mapper.UserMapper.deleteById  : ==> Parameters: 3(Long)
2020-10-05 10:17:20.828 DEBUG 9702 --- [main] com.liming.mapper.UserMapper.deleteById  : <==    Updates: 0
2020-10-05 10:17:20.855 DEBUG 9702 --- [main] com.liming.mapper.UserMapper.selectOne   : ==>  Preparing: SELECT max(id) as id FROM user
2020-10-05 10:17:20.856 DEBUG 9702 --- [main] com.liming.mapper.UserMapper.selectOne   : ==> Parameters: 
2020-10-05 10:17:20.860 DEBUG 9702 --- [main] com.liming.mapper.UserMapper.selectOne   : <==      Total: 1
2020-10-05 10:17:20.866 DEBUG 9702 --- [main] com.liming.mapper.UserMapper.selectList  : ==>  Preparing: SELECT id,name,age,email FROM user ORDER BY id DESC
2020-10-05 10:17:20.867 DEBUG 9702 --- [main] com.liming.mapper.UserMapper.selectList  : ==> Parameters: 
2020-10-05 10:17:20.870 DEBUG 9702 --- [main] com.liming.mapper.UserMapper.selectList  : <==      Total: 1
2020-10-05 10:17:20.876 DEBUG 9702 --- [main] com.liming.mapper.UserMapper.selectList  : ==>  Preparing: SELECT age, count(age) as count FROM user GROUP BY age
2020-10-05 10:17:20.877 DEBUG 9702 --- [main] com.liming.mapper.UserMapper.selectList  : ==> Parameters: 
2020-10-05 10:17:20.879 DEBUG 9702 --- [main] com.liming.mapper.UserMapper.selectList  : <==      Total: 1
2020-10-05 10:17:20.883 DEBUG 9702 --- [main] com.liming.mapper.UserMapper.insert      : ==>  Preparing: INSERT INTO user ( id, name, age, email ) VALUES ( ?, ?, ?, ? )
2020-10-05 10:17:20.885 DEBUG 9702 --- [main] com.liming.mapper.UserMapper.insert      : ==> Parameters: 10088(Long), miemie(String), 3(Integer), miemie@baomidou.com(String)
2020-10-05 10:17:20.903 DEBUG 9702 --- [main] com.liming.mapper.UserMapper.insert      : <==    Updates: 1
2020-10-05 10:17:20.904 DEBUG 9702 --- [main] com.liming.mapper.UserMapper.selectById  : ==>  Preparing: SELECT id,name,age,email FROM user WHERE id=?
2020-10-05 10:17:20.904 DEBUG 9702 --- [main] com.liming.mapper.UserMapper.selectById  : ==> Parameters: 10088(Long)
2020-10-05 10:17:20.905 DEBUG 9702 --- [main] com.liming.mapper.UserMapper.selectById  : <==      Total: 1
2020-10-05 10:17:20.911 DEBUG 9702 --- [main] com.liming.mapper.UserMapper.updateById  : ==>  Preparing: UPDATE user SET email=? WHERE id=?
2020-10-05 10:17:20.921 DEBUG 9702 --- [main] com.liming.mapper.UserMapper.updateById  : ==> Parameters: ab@c.c(String), 1(Long)
2020-10-05 10:17:20.923 DEBUG 9702 --- [main] com.liming.mapper.UserMapper.updateById  : <==    Updates: 0
2020-10-05 10:17:20.934 DEBUG 9702 --- [main] com.liming.mapper.UserMapper.insert      : ==>  Preparing: INSERT INTO user ( id, name, age, email ) VALUES ( ?, ?, ?, ? )
2020-10-05 10:17:20.935 DEBUG 9702 --- [main] com.liming.mapper.UserMapper.insert      : ==> Parameters: 10086(Long), miemie(String), 3(Integer), miemie@baomidou.com(String)
2020-10-05 10:17:20.953 DEBUG 9702 --- [main] com.liming.mapper.UserMapper.insert      : <==    Updates: 1
2020-10-05 10:17:20.954 DEBUG 9702 --- [main] com.liming.mapper.UserMapper.selectById  : ==>  Preparing: SELECT id,name,age,email FROM user WHERE id=?
2020-10-05 10:17:20.955 DEBUG 9702 --- [main] com.liming.mapper.UserMapper.selectById  : ==> Parameters: 10086(Long)
2020-10-05 10:17:20.956 DEBUG 9702 --- [main] com.liming.mapper.UserMapper.selectById  : <==      Total: 1
2020-10-05 10:17:20.964 DEBUG 9702 --- [main] com.liming.mapper.UserMapper.selectOne   : ==>  Preparing: SELECT id,name,age,email FROM user WHERE (id = ?)
2020-10-05 10:17:20.964 DEBUG 9702 --- [main] com.liming.mapper.UserMapper.selectOne   : ==> Parameters: 10086(Integer)
2020-10-05 10:17:20.966 DEBUG 9702 --- [main] com.liming.mapper.UserMapper.selectOne   : <==      Total: 1
2020-10-05 10:17:20.968 DEBUG 9702 --- [main] com.liming.mapper.UserMapper.selectList  : ==>  Preparing: SELECT id FROM user
2020-10-05 10:17:20.968 DEBUG 9702 --- [main] com.liming.mapper.UserMapper.selectList  : ==> Parameters: 
2020-10-05 10:17:20.969 DEBUG 9702 --- [main] com.liming.mapper.UserMapper.selectList  : <==      Total: 3
2020-10-05 10:17:20.970 DEBUG 9702 --- [main] com.liming.mapper.UserMapper.selectList  : ==>  Preparing: SELECT id,name FROM user
2020-10-05 10:17:20.971 DEBUG 9702 --- [main] com.liming.mapper.UserMapper.selectList  : ==> Parameters: 
2020-10-05 10:17:20.972 DEBUG 9702 --- [main] com.liming.mapper.UserMapper.selectList  : <==      Total: 3
2020-10-05 10:17:20.979 DEBUG 9702 --- [main] c.l.mapper.UserMapper.selectMapsPage     : ==>  Preparing: SELECT id,name,age,email FROM user ORDER BY age ASC
2020-10-05 10:17:20.980 DEBUG 9702 --- [main] c.l.mapper.UserMapper.selectMapsPage     : ==> Parameters: 
2020-10-05 10:17:20.983 DEBUG 9702 --- [main] c.l.mapper.UserMapper.selectMapsPage     : <==      Total: 3
2020-10-05 10:17:20.994  INFO 9702 --- [SpringContextShutdownHook] com.zaxxer.hikari.HikariDataSource       : test - Shutdown initiated...
2020-10-05 10:17:21.005  INFO 9702 --- [SpringContextShutdownHook] com.zaxxer.hikari.HikariDataSource       : test - Shutdown completed.
2020-10-05 10:17:21.006  INFO 9702 --- [SpringContextShutdownHook] o.s.s.concurrent.ThreadPoolTaskExecutor  : Shutting down ExecutorService 'applicationTaskExecutor'
2020-10-05 10:19:08.275  INFO 9725 --- [main] com.liming.CrudApplicationTest           : Starting CrudApplicationTest on LimingdeMBP.lan with PID 9725 (started by yiliming in /Users/yiliming/Code/SpringBootDemo)
2020-10-05 10:19:08.276 DEBUG 9725 --- [main] com.liming.CrudApplicationTest           : Running with Spring Boot v2.3.4.RELEASE, Spring v5.2.9.RELEASE
2020-10-05 10:19:08.277  INFO 9725 --- [main] com.liming.CrudApplicationTest           : No active profile set, falling back to default profiles: default
2020-10-05 10:19:08.883  WARN 9725 --- [main] o.m.s.mapper.ClassPathMapperScanner      : Skipping MapperFactoryBean with name 'userMapper' and 'com.liming.mapper.UserMapper' mapperInterface. Bean already defined with the same name!
2020-10-05 10:19:08.884  WARN 9725 --- [main] o.m.s.mapper.ClassPathMapperScanner      : No MyBatis mapper was found in '[com.liming.mapper]' package. Please check your configuration.
2020-10-05 10:19:09.436  INFO 9725 --- [main] o.s.s.concurrent.ThreadPoolTaskExecutor  : Initializing ExecutorService 'applicationTaskExecutor'
2020-10-05 10:19:09.542  INFO 9725 --- [main] o.s.b.a.w.s.WelcomePageHandlerMapping    : Adding welcome page: class path resource [static/index.html]
2020-10-05 10:19:10.055  INFO 9725 --- [main] com.liming.CrudApplicationTest           : Started CrudApplicationTest in 2.093 seconds (JVM running for 2.814)
2020-10-05 10:19:10.336  INFO 9725 --- [main] com.zaxxer.hikari.HikariDataSource       : test - Starting...
2020-10-05 10:19:10.640  INFO 9725 --- [main] com.zaxxer.hikari.HikariDataSource       : test - Start completed.
2020-10-05 10:19:10.647 DEBUG 9725 --- [main] com.liming.mapper.UserMapper.insert      : ==>  Preparing: INSERT INTO user ( id, name, age, email ) VALUES ( ?, ?, ?, ? )
2020-10-05 10:19:10.673 DEBUG 9725 --- [main] com.liming.mapper.UserMapper.insert      : ==> Parameters: 1312940362509488130(Long), 小羊(String), 3(Integer), abc@mp.com(String)
2020-10-05 10:19:10.676 DEBUG 9725 --- [main] com.liming.mapper.UserMapper.insert      : <==    Updates: 1
2020-10-05 10:19:10.765 DEBUG 9725 --- [main] com.liming.mapper.UserMapper.selectMaps  : ==>  Preparing: SELECT id,name,age,email FROM user ORDER BY age ASC
2020-10-05 10:19:10.766 DEBUG 9725 --- [main] com.liming.mapper.UserMapper.selectMaps  : ==> Parameters: 
2020-10-05 10:19:10.792 DEBUG 9725 --- [main] com.liming.mapper.UserMapper.selectMaps  : <==      Total: 4
2020-10-05 10:19:10.817 DEBUG 9725 --- [main] com.liming.mapper.UserMapper.selectList  : ==>  Preparing: SELECT id,name,age,email FROM user ORDER BY age ASC
2020-10-05 10:19:10.818 DEBUG 9725 --- [main] com.liming.mapper.UserMapper.selectList  : ==> Parameters: 
2020-10-05 10:19:10.820 DEBUG 9725 --- [main] com.liming.mapper.UserMapper.selectList  : <==      Total: 4
2020-10-05 10:19:10.830 DEBUG 9725 --- [main] com.liming.mapper.UserMapper.selectMaps  : ==>  Preparing: SELECT age, count(*) FROM user GROUP BY age
2020-10-05 10:19:10.831 DEBUG 9725 --- [main] com.liming.mapper.UserMapper.selectMaps  : ==> Parameters: 
2020-10-05 10:19:10.832 DEBUG 9725 --- [main] com.liming.mapper.UserMapper.selectMaps  : <==      Total: 1
2020-10-05 10:19:10.853 DEBUG 9725 --- [main] com.liming.mapper.UserMapper.selectList  : ==>  Preparing: SELECT age FROM user GROUP BY age ORDER BY age ASC
2020-10-05 10:19:10.854 DEBUG 9725 --- [main] com.liming.mapper.UserMapper.selectList  : ==> Parameters: 
2020-10-05 10:19:10.856 DEBUG 9725 --- [main] com.liming.mapper.UserMapper.selectList  : <==      Total: 1
2020-10-05 10:19:10.863 DEBUG 9725 --- [main] com.liming.mapper.UserMapper.selectList  : ==>  Preparing: SELECT id,name,age,email FROM user ORDER BY age ASC
2020-10-05 10:19:10.864 DEBUG 9725 --- [main] com.liming.mapper.UserMapper.selectList  : ==> Parameters: 
2020-10-05 10:19:10.867 DEBUG 9725 --- [main] com.liming.mapper.UserMapper.selectList  : <==      Total: 4
2020-10-05 10:19:10.877 DEBUG 9725 --- [main] com.liming.mapper.UserMapper.deleteById  : ==>  Preparing: DELETE FROM user WHERE id=?
2020-10-05 10:19:10.879 DEBUG 9725 --- [main] com.liming.mapper.UserMapper.deleteById  : ==> Parameters: 3(Long)
2020-10-05 10:19:10.881 DEBUG 9725 --- [main] com.liming.mapper.UserMapper.deleteById  : <==    Updates: 0
2020-10-05 10:19:10.902 DEBUG 9725 --- [main] com.liming.mapper.UserMapper.selectOne   : ==>  Preparing: SELECT max(id) as id FROM user
2020-10-05 10:19:10.903 DEBUG 9725 --- [main] com.liming.mapper.UserMapper.selectOne   : ==> Parameters: 
2020-10-05 10:19:10.905 DEBUG 9725 --- [main] com.liming.mapper.UserMapper.selectOne   : <==      Total: 1
2020-10-05 10:19:10.910 DEBUG 9725 --- [main] com.liming.mapper.UserMapper.selectList  : ==>  Preparing: SELECT id,name,age,email FROM user ORDER BY id DESC
2020-10-05 10:19:10.911 DEBUG 9725 --- [main] com.liming.mapper.UserMapper.selectList  : ==> Parameters: 
2020-10-05 10:19:10.914 DEBUG 9725 --- [main] com.liming.mapper.UserMapper.selectList  : <==      Total: 4
2020-10-05 10:19:10.920 DEBUG 9725 --- [main] com.liming.mapper.UserMapper.selectList  : ==>  Preparing: SELECT age, count(age) as count FROM user GROUP BY age
2020-10-05 10:19:10.920 DEBUG 9725 --- [main] com.liming.mapper.UserMapper.selectList  : ==> Parameters: 
2020-10-05 10:19:10.922 DEBUG 9725 --- [main] com.liming.mapper.UserMapper.selectList  : <==      Total: 1
2020-10-05 10:19:10.926 DEBUG 9725 --- [main] com.liming.mapper.UserMapper.insert      : ==>  Preparing: INSERT INTO user ( id, name, age, email ) VALUES ( ?, ?, ?, ? )
2020-10-05 10:19:10.927 DEBUG 9725 --- [main] com.liming.mapper.UserMapper.insert      : ==> Parameters: 10088(Long), miemie(String), 3(Integer), miemie@baomidou.com(String)
2020-10-05 10:19:11.013 DEBUG 9725 --- [main] com.liming.mapper.UserMapper.updateById  : ==>  Preparing: UPDATE user SET email=? WHERE id=?
2020-10-05 10:19:11.021 DEBUG 9725 --- [main] com.liming.mapper.UserMapper.updateById  : ==> Parameters: ab@c.c(String), 1(Long)
2020-10-05 10:19:11.023 DEBUG 9725 --- [main] com.liming.mapper.UserMapper.updateById  : <==    Updates: 0
2020-10-05 10:19:11.030 DEBUG 9725 --- [main] com.liming.mapper.UserMapper.insert      : ==>  Preparing: INSERT INTO user ( id, name, age, email ) VALUES ( ?, ?, ?, ? )
2020-10-05 10:19:11.031 DEBUG 9725 --- [main] com.liming.mapper.UserMapper.insert      : ==> Parameters: 10086(Long), miemie(String), 3(Integer), miemie@baomidou.com(String)
2020-10-05 10:19:11.048 DEBUG 9725 --- [main] c.l.mapper.UserMapper.selectMapsPage     : ==>  Preparing: SELECT id,name,age,email FROM user ORDER BY age ASC
2020-10-05 10:19:11.049 DEBUG 9725 --- [main] c.l.mapper.UserMapper.selectMapsPage     : ==> Parameters: 
2020-10-05 10:19:11.056 DEBUG 9725 --- [main] c.l.mapper.UserMapper.selectMapsPage     : <==      Total: 4
2020-10-05 10:19:11.068  INFO 9725 --- [SpringContextShutdownHook] com.zaxxer.hikari.HikariDataSource       : test - Shutdown initiated...
2020-10-05 10:19:11.075  INFO 9725 --- [SpringContextShutdownHook] com.zaxxer.hikari.HikariDataSource       : test - Shutdown completed.
2020-10-05 10:19:11.076  INFO 9725 --- [SpringContextShutdownHook] o.s.s.concurrent.ThreadPoolTaskExecutor  : Shutting down ExecutorService 'applicationTaskExecutor'
2020-10-05 10:26:16.138  INFO 10574 --- [main] com.liming.AppTest                       : Starting AppTest on LimingdeMBP.lan with PID 10574 (started by yiliming in /Users/yiliming/Code/SpringBootDemo)
2020-10-05 10:26:16.139 DEBUG 10574 --- [main] com.liming.AppTest                       : Running with Spring Boot v2.3.4.RELEASE, Spring v5.2.9.RELEASE
2020-10-05 10:26:16.139  INFO 10574 --- [main] com.liming.AppTest                       : No active profile set, falling back to default profiles: default
2020-10-05 10:26:16.744  WARN 10574 --- [main] o.m.s.mapper.ClassPathMapperScanner      : Skipping MapperFactoryBean with name 'userMapper' and 'com.liming.mapper.UserMapper' mapperInterface. Bean already defined with the same name!
2020-10-05 10:26:16.745  WARN 10574 --- [main] o.m.s.mapper.ClassPathMapperScanner      : No MyBatis mapper was found in '[com.liming.mapper]' package. Please check your configuration.
2020-10-05 10:26:17.297  INFO 10574 --- [main] o.s.s.concurrent.ThreadPoolTaskExecutor  : Initializing ExecutorService 'applicationTaskExecutor'
2020-10-05 10:26:17.400  INFO 10574 --- [main] o.s.b.a.w.s.WelcomePageHandlerMapping    : Adding welcome page: class path resource [static/index.html]
2020-10-05 10:26:17.926  INFO 10574 --- [main] com.liming.AppTest                       : Started AppTest in 2.121 seconds (JVM running for 2.873)
2020-10-05 10:26:18.245  INFO 10574 --- [main] com.zaxxer.hikari.HikariDataSource       : test - Starting...
2020-10-05 10:26:18.558  INFO 10574 --- [main] com.zaxxer.hikari.HikariDataSource       : test - Start completed.
2020-10-05 10:26:18.564 DEBUG 10574 --- [main] com.liming.mapper.UserMapper.selectList  : ==>  Preparing: SELECT id,name,age,email FROM user
2020-10-05 10:26:18.585 DEBUG 10574 --- [main] com.liming.mapper.UserMapper.selectList  : ==> Parameters: 
2020-10-05 10:26:18.605 DEBUG 10574 --- [main] com.liming.mapper.UserMapper.selectList  : <==      Total: 4
2020-10-05 10:26:18.623  INFO 10574 --- [SpringContextShutdownHook] com.zaxxer.hikari.HikariDataSource       : test - Shutdown initiated...
2020-10-05 10:26:18.626  INFO 10574 --- [SpringContextShutdownHook] com.zaxxer.hikari.HikariDataSource       : test - Shutdown completed.
2020-10-05 10:26:18.627  INFO 10574 --- [SpringContextShutdownHook] o.s.s.concurrent.ThreadPoolTaskExecutor  : Shutting down ExecutorService 'applicationTaskExecutor'
2020-10-05 10:27:52.837  INFO 10593 --- [main] com.liming.AppTest                       : Starting AppTest on LimingdeMBP.lan with PID 10593 (started by yiliming in /Users/yiliming/Code/SpringBootDemo)
2020-10-05 10:27:52.839 DEBUG 10593 --- [main] com.liming.AppTest                       : Running with Spring Boot v2.3.4.RELEASE, Spring v5.2.9.RELEASE
2020-10-05 10:27:52.839  INFO 10593 --- [main] com.liming.AppTest                       : No active profile set, falling back to default profiles: default
2020-10-05 10:27:53.451  WARN 10593 --- [main] o.m.s.mapper.ClassPathMapperScanner      : Skipping MapperFactoryBean with name 'userMapper' and 'com.liming.mapper.UserMapper' mapperInterface. Bean already defined with the same name!
2020-10-05 10:27:53.452  WARN 10593 --- [main] o.m.s.mapper.ClassPathMapperScanner      : No MyBatis mapper was found in '[com.liming.mapper]' package. Please check your configuration.
2020-10-05 10:27:54.079  INFO 10593 --- [main] o.s.s.concurrent.ThreadPoolTaskExecutor  : Initializing ExecutorService 'applicationTaskExecutor'
2020-10-05 10:27:54.180  INFO 10593 --- [main] o.s.b.a.w.s.WelcomePageHandlerMapping    : Adding welcome page: class path resource [static/index.html]
2020-10-05 10:27:54.709  INFO 10593 --- [main] com.liming.AppTest                       : Started AppTest in 2.211 seconds (JVM running for 3.006)
2020-10-05 10:27:55.029  INFO 10593 --- [main] com.zaxxer.hikari.HikariDataSource       : test - Starting...
2020-10-05 10:27:55.347  INFO 10593 --- [main] com.zaxxer.hikari.HikariDataSource       : test - Start completed.
2020-10-05 10:27:55.353 DEBUG 10593 --- [main] com.liming.mapper.UserMapper.selectList  : ==>  Preparing: SELECT id,name,age,email FROM user
2020-10-05 10:27:55.374 DEBUG 10593 --- [main] com.liming.mapper.UserMapper.selectList  : ==> Parameters: 
2020-10-05 10:27:55.391 DEBUG 10593 --- [main] com.liming.mapper.UserMapper.selectList  : <==      Total: 5
2020-10-05 10:27:55.406  INFO 10593 --- [SpringContextShutdownHook] com.zaxxer.hikari.HikariDataSource       : test - Shutdown initiated...
2020-10-05 10:27:55.410  INFO 10593 --- [SpringContextShutdownHook] com.zaxxer.hikari.HikariDataSource       : test - Shutdown completed.
2020-10-05 10:27:55.410  INFO 10593 --- [SpringContextShutdownHook] o.s.s.concurrent.ThreadPoolTaskExecutor  : Shutting down ExecutorService 'applicationTaskExecutor'
2020-10-05 10:36:45.609  INFO 10694 --- [main] com.liming.App                           : Starting App on LimingdeMBP.lan with PID 10694 (/Users/yiliming/Code/SpringBootDemo/target/classes started by yiliming in /Users/yiliming/Code/SpringBootDemo)
2020-10-05 10:36:45.611 DEBUG 10694 --- [main] com.liming.App                           : Running with Spring Boot v2.3.4.RELEASE, Spring v5.2.9.RELEASE
2020-10-05 10:36:45.612  INFO 10694 --- [main] com.liming.App                           : No active profile set, falling back to default profiles: default
2020-10-05 10:36:46.019  WARN 10694 --- [main] o.m.s.mapper.ClassPathMapperScanner      : Skipping MapperFactoryBean with name 'userMapper' and 'com.liming.mapper.UserMapper' mapperInterface. Bean already defined with the same name!
2020-10-05 10:36:46.020  WARN 10694 --- [main] o.m.s.mapper.ClassPathMapperScanner      : No MyBatis mapper was found in '[com.liming.mapper]' package. Please check your configuration.
2020-10-05 10:36:46.267  INFO 10694 --- [main] o.s.b.w.embedded.tomcat.TomcatWebServer  : Tomcat initialized with port(s): 8888 (http)
2020-10-05 10:36:46.273  INFO 10694 --- [main] o.apache.catalina.core.StandardService   : Starting service [Tomcat]
2020-10-05 10:36:46.274  INFO 10694 --- [main] org.apache.catalina.core.StandardEngine  : Starting Servlet engine: [Apache Tomcat/9.0.38]
2020-10-05 10:36:46.324  INFO 10694 --- [main] o.a.c.c.C.[Tomcat].[localhost].[/demo]   : Initializing Spring embedded WebApplicationContext
2020-10-05 10:36:46.325  INFO 10694 --- [main] w.s.c.ServletWebServerApplicationContext : Root WebApplicationContext: initialization completed in 681 ms
2020-10-05 10:36:46.454  INFO 10694 --- [main] o.s.s.concurrent.ThreadPoolTaskExecutor  : Initializing ExecutorService 'applicationTaskExecutor'
2020-10-05 10:36:46.504  INFO 10694 --- [main] o.s.b.a.w.s.WelcomePageHandlerMapping    : Adding welcome page: class path resource [static/index.html]
2020-10-05 10:36:46.855  INFO 10694 --- [main] o.s.b.w.embedded.tomcat.TomcatWebServer  : Tomcat started on port(s): 8888 (http) with context path '/demo'
2020-10-05 10:36:46.864  INFO 10694 --- [main] com.liming.App                           : Started App in 1.524 seconds (JVM running for 1.964)
2020-10-05 10:37:30.156  INFO 10694 --- [http-nio-8888-exec-1] o.a.c.c.C.[Tomcat].[localhost].[/demo]   : Initializing Spring DispatcherServlet 'dispatcherServlet'
2020-10-05 10:37:30.156  INFO 10694 --- [http-nio-8888-exec-1] o.s.web.servlet.DispatcherServlet        : Initializing Servlet 'dispatcherServlet'
2020-10-05 10:37:30.160  INFO 10694 --- [http-nio-8888-exec-1] o.s.web.servlet.DispatcherServlet        : Completed initialization in 4 ms
2020-10-05 10:37:30.221 ERROR 10694 --- [http-nio-8888-exec-1] o.a.c.c.C.[.[.[.[dispatcherServlet]      : Servlet.service() for servlet [dispatcherServlet] in context with path [/demo] threw exception [Request processing failed; nested exception is java.lang.ArithmeticException: / by zero] with root cause

java.lang.ArithmeticException: / by zero
	at com.liming.controller.HelloController.excep(HelloController.java:16) ~[classes/:na]
	at sun.reflect.NativeMethodAccessorImpl.invoke0(Native Method) ~[na:1.8.0_232]
	at sun.reflect.NativeMethodAccessorImpl.invoke(NativeMethodAccessorImpl.java:62) ~[na:1.8.0_232]
	at sun.reflect.DelegatingMethodAccessorImpl.invoke(DelegatingMethodAccessorImpl.java:43) ~[na:1.8.0_232]
	at java.lang.reflect.Method.invoke(Method.java:498) ~[na:1.8.0_232]
	at org.springframework.web.method.support.InvocableHandlerMethod.doInvoke(InvocableHandlerMethod.java:190) ~[spring-web-5.2.9.RELEASE.jar:5.2.9.RELEASE]
	at org.springframework.web.method.support.InvocableHandlerMethod.invokeForRequest(InvocableHandlerMethod.java:138) ~[spring-web-5.2.9.RELEASE.jar:5.2.9.RELEASE]
	at org.springframework.web.servlet.mvc.method.annotation.ServletInvocableHandlerMethod.invokeAndHandle(ServletInvocableHandlerMethod.java:105) ~[spring-webmvc-5.2.9.RELEASE.jar:5.2.9.RELEASE]
	at org.springframework.web.servlet.mvc.method.annotation.RequestMappingHandlerAdapter.invokeHandlerMethod(RequestMappingHandlerAdapter.java:878) ~[spring-webmvc-5.2.9.RELEASE.jar:5.2.9.RELEASE]
	at org.springframework.web.servlet.mvc.method.annotation.RequestMappingHandlerAdapter.handleInternal(RequestMappingHandlerAdapter.java:792) ~[spring-webmvc-5.2.9.RELEASE.jar:5.2.9.RELEASE]
	at org.springframework.web.servlet.mvc.method.AbstractHandlerMethodAdapter.handle(AbstractHandlerMethodAdapter.java:87) ~[spring-webmvc-5.2.9.RELEASE.jar:5.2.9.RELEASE]
	at org.springframework.web.servlet.DispatcherServlet.doDispatch(DispatcherServlet.java:1040) ~[spring-webmvc-5.2.9.RELEASE.jar:5.2.9.RELEASE]
	at org.springframework.web.servlet.DispatcherServlet.doService(DispatcherServlet.java:943) ~[spring-webmvc-5.2.9.RELEASE.jar:5.2.9.RELEASE]
	at org.springframework.web.servlet.FrameworkServlet.processRequest(FrameworkServlet.java:1006) ~[spring-webmvc-5.2.9.RELEASE.jar:5.2.9.RELEASE]
	at org.springframework.web.servlet.FrameworkServlet.doGet(FrameworkServlet.java:898) ~[spring-webmvc-5.2.9.RELEASE.jar:5.2.9.RELEASE]
	at javax.servlet.http.HttpServlet.service(HttpServlet.java:626) ~[tomcat-embed-core-9.0.38.jar:4.0.FR]
	at org.springframework.web.servlet.FrameworkServlet.service(FrameworkServlet.java:883) ~[spring-webmvc-5.2.9.RELEASE.jar:5.2.9.RELEASE]
	at javax.servlet.http.HttpServlet.service(HttpServlet.java:733) ~[tomcat-embed-core-9.0.38.jar:4.0.FR]
	at org.apache.catalina.core.ApplicationFilterChain.internalDoFilter(ApplicationFilterChain.java:231) ~[tomcat-embed-core-9.0.38.jar:9.0.38]
	at org.apache.catalina.core.ApplicationFilterChain.doFilter(ApplicationFilterChain.java:166) ~[tomcat-embed-core-9.0.38.jar:9.0.38]
	at org.apache.tomcat.websocket.server.WsFilter.doFilter(WsFilter.java:53) ~[tomcat-embed-websocket-9.0.38.jar:9.0.38]
	at org.apache.catalina.core.ApplicationFilterChain.internalDoFilter(ApplicationFilterChain.java:193) ~[tomcat-embed-core-9.0.38.jar:9.0.38]
	at org.apache.catalina.core.ApplicationFilterChain.doFilter(ApplicationFilterChain.java:166) ~[tomcat-embed-core-9.0.38.jar:9.0.38]
	at org.springframework.web.filter.RequestContextFilter.doFilterInternal(RequestContextFilter.java:100) ~[spring-web-5.2.9.RELEASE.jar:5.2.9.RELEASE]
	at org.springframework.web.filter.OncePerRequestFilter.doFilter(OncePerRequestFilter.java:119) ~[spring-web-5.2.9.RELEASE.jar:5.2.9.RELEASE]
	at org.apache.catalina.core.ApplicationFilterChain.internalDoFilter(ApplicationFilterChain.java:193) ~[tomcat-embed-core-9.0.38.jar:9.0.38]
	at org.apache.catalina.core.ApplicationFilterChain.doFilter(ApplicationFilterChain.java:166) ~[tomcat-embed-core-9.0.38.jar:9.0.38]
	at org.springframework.web.filter.FormContentFilter.doFilterInternal(FormContentFilter.java:93) ~[spring-web-5.2.9.RELEASE.jar:5.2.9.RELEASE]
	at org.springframework.web.filter.OncePerRequestFilter.doFilter(OncePerRequestFilter.java:119) ~[spring-web-5.2.9.RELEASE.jar:5.2.9.RELEASE]
	at org.apache.catalina.core.ApplicationFilterChain.internalDoFilter(ApplicationFilterChain.java:193) ~[tomcat-embed-core-9.0.38.jar:9.0.38]
	at org.apache.catalina.core.ApplicationFilterChain.doFilter(ApplicationFilterChain.java:166) ~[tomcat-embed-core-9.0.38.jar:9.0.38]
	at org.springframework.web.filter.CharacterEncodingFilter.doFilterInternal(CharacterEncodingFilter.java:201) ~[spring-web-5.2.9.RELEASE.jar:5.2.9.RELEASE]
	at org.springframework.web.filter.OncePerRequestFilter.doFilter(OncePerRequestFilter.java:119) ~[spring-web-5.2.9.RELEASE.jar:5.2.9.RELEASE]
	at org.apache.catalina.core.ApplicationFilterChain.internalDoFilter(ApplicationFilterChain.java:193) ~[tomcat-embed-core-9.0.38.jar:9.0.38]
	at org.apache.catalina.core.ApplicationFilterChain.doFilter(ApplicationFilterChain.java:166) ~[tomcat-embed-core-9.0.38.jar:9.0.38]
	at org.apache.catalina.core.StandardWrapperValve.invoke(StandardWrapperValve.java:202) ~[tomcat-embed-core-9.0.38.jar:9.0.38]
	at org.apache.catalina.core.StandardContextValve.invoke(StandardContextValve.java:97) [tomcat-embed-core-9.0.38.jar:9.0.38]
	at org.apache.catalina.authenticator.AuthenticatorBase.invoke(AuthenticatorBase.java:541) [tomcat-embed-core-9.0.38.jar:9.0.38]
	at org.apache.catalina.core.StandardHostValve.invoke(StandardHostValve.java:143) [tomcat-embed-core-9.0.38.jar:9.0.38]
	at org.apache.catalina.valves.ErrorReportValve.invoke(ErrorReportValve.java:92) [tomcat-embed-core-9.0.38.jar:9.0.38]
	at org.apache.catalina.core.StandardEngineValve.invoke(StandardEngineValve.java:78) [tomcat-embed-core-9.0.38.jar:9.0.38]
	at org.apache.catalina.connector.CoyoteAdapter.service(CoyoteAdapter.java:343) [tomcat-embed-core-9.0.38.jar:9.0.38]
	at org.apache.coyote.http11.Http11Processor.service(Http11Processor.java:374) [tomcat-embed-core-9.0.38.jar:9.0.38]
	at org.apache.coyote.AbstractProcessorLight.process(AbstractProcessorLight.java:65) [tomcat-embed-core-9.0.38.jar:9.0.38]
	at org.apache.coyote.AbstractProtocol$ConnectionHandler.process(AbstractProtocol.java:868) [tomcat-embed-core-9.0.38.jar:9.0.38]
	at org.apache.tomcat.util.net.NioEndpoint$SocketProcessor.doRun(NioEndpoint.java:1590) [tomcat-embed-core-9.0.38.jar:9.0.38]
	at org.apache.tomcat.util.net.SocketProcessorBase.run(SocketProcessorBase.java:49) [tomcat-embed-core-9.0.38.jar:9.0.38]
	at java.util.concurrent.ThreadPoolExecutor.runWorker(ThreadPoolExecutor.java:1149) [na:1.8.0_232]
	at java.util.concurrent.ThreadPoolExecutor$Worker.run(ThreadPoolExecutor.java:624) [na:1.8.0_232]
	at org.apache.tomcat.util.threads.TaskThread$WrappingRunnable.run(TaskThread.java:61) [tomcat-embed-core-9.0.38.jar:9.0.38]
	at java.lang.Thread.run(Thread.java:748) [na:1.8.0_232]

2020-10-05 10:38:14.323 ERROR 10694 --- [http-nio-8888-exec-3] o.a.c.c.C.[.[.[.[dispatcherServlet]      : Servlet.service() for servlet [dispatcherServlet] in context with path [/demo] threw exception [Request processing failed; nested exception is java.lang.ArithmeticException: / by zero] with root cause

java.lang.ArithmeticException: / by zero
	at com.liming.controller.HelloController.excep(HelloController.java:16) ~[classes/:na]
	at sun.reflect.NativeMethodAccessorImpl.invoke0(Native Method) ~[na:1.8.0_232]
	at sun.reflect.NativeMethodAccessorImpl.invoke(NativeMethodAccessorImpl.java:62) ~[na:1.8.0_232]
	at sun.reflect.DelegatingMethodAccessorImpl.invoke(DelegatingMethodAccessorImpl.java:43) ~[na:1.8.0_232]
	at java.lang.reflect.Method.invoke(Method.java:498) ~[na:1.8.0_232]
	at org.springframework.web.method.support.InvocableHandlerMethod.doInvoke(InvocableHandlerMethod.java:190) ~[spring-web-5.2.9.RELEASE.jar:5.2.9.RELEASE]
	at org.springframework.web.method.support.InvocableHandlerMethod.invokeForRequest(InvocableHandlerMethod.java:138) ~[spring-web-5.2.9.RELEASE.jar:5.2.9.RELEASE]
	at org.springframework.web.servlet.mvc.method.annotation.ServletInvocableHandlerMethod.invokeAndHandle(ServletInvocableHandlerMethod.java:105) ~[spring-webmvc-5.2.9.RELEASE.jar:5.2.9.RELEASE]
	at org.springframework.web.servlet.mvc.method.annotation.RequestMappingHandlerAdapter.invokeHandlerMethod(RequestMappingHandlerAdapter.java:878) ~[spring-webmvc-5.2.9.RELEASE.jar:5.2.9.RELEASE]
	at org.springframework.web.servlet.mvc.method.annotation.RequestMappingHandlerAdapter.handleInternal(RequestMappingHandlerAdapter.java:792) ~[spring-webmvc-5.2.9.RELEASE.jar:5.2.9.RELEASE]
	at org.springframework.web.servlet.mvc.method.AbstractHandlerMethodAdapter.handle(AbstractHandlerMethodAdapter.java:87) ~[spring-webmvc-5.2.9.RELEASE.jar:5.2.9.RELEASE]
	at org.springframework.web.servlet.DispatcherServlet.doDispatch(DispatcherServlet.java:1040) ~[spring-webmvc-5.2.9.RELEASE.jar:5.2.9.RELEASE]
	at org.springframework.web.servlet.DispatcherServlet.doService(DispatcherServlet.java:943) ~[spring-webmvc-5.2.9.RELEASE.jar:5.2.9.RELEASE]
	at org.springframework.web.servlet.FrameworkServlet.processRequest(FrameworkServlet.java:1006) ~[spring-webmvc-5.2.9.RELEASE.jar:5.2.9.RELEASE]
	at org.springframework.web.servlet.FrameworkServlet.doGet(FrameworkServlet.java:898) ~[spring-webmvc-5.2.9.RELEASE.jar:5.2.9.RELEASE]
	at javax.servlet.http.HttpServlet.service(HttpServlet.java:626) ~[tomcat-embed-core-9.0.38.jar:4.0.FR]
	at org.springframework.web.servlet.FrameworkServlet.service(FrameworkServlet.java:883) ~[spring-webmvc-5.2.9.RELEASE.jar:5.2.9.RELEASE]
	at javax.servlet.http.HttpServlet.service(HttpServlet.java:733) ~[tomcat-embed-core-9.0.38.jar:4.0.FR]
	at org.apache.catalina.core.ApplicationFilterChain.internalDoFilter(ApplicationFilterChain.java:231) ~[tomcat-embed-core-9.0.38.jar:9.0.38]
	at org.apache.catalina.core.ApplicationFilterChain.doFilter(ApplicationFilterChain.java:166) ~[tomcat-embed-core-9.0.38.jar:9.0.38]
	at org.apache.tomcat.websocket.server.WsFilter.doFilter(WsFilter.java:53) ~[tomcat-embed-websocket-9.0.38.jar:9.0.38]
	at org.apache.catalina.core.ApplicationFilterChain.internalDoFilter(ApplicationFilterChain.java:193) ~[tomcat-embed-core-9.0.38.jar:9.0.38]
	at org.apache.catalina.core.ApplicationFilterChain.doFilter(ApplicationFilterChain.java:166) ~[tomcat-embed-core-9.0.38.jar:9.0.38]
	at org.springframework.web.filter.RequestContextFilter.doFilterInternal(RequestContextFilter.java:100) ~[spring-web-5.2.9.RELEASE.jar:5.2.9.RELEASE]
	at org.springframework.web.filter.OncePerRequestFilter.doFilter(OncePerRequestFilter.java:119) ~[spring-web-5.2.9.RELEASE.jar:5.2.9.RELEASE]
	at org.apache.catalina.core.ApplicationFilterChain.internalDoFilter(ApplicationFilterChain.java:193) ~[tomcat-embed-core-9.0.38.jar:9.0.38]
	at org.apache.catalina.core.ApplicationFilterChain.doFilter(ApplicationFilterChain.java:166) ~[tomcat-embed-core-9.0.38.jar:9.0.38]
	at org.springframework.web.filter.FormContentFilter.doFilterInternal(FormContentFilter.java:93) ~[spring-web-5.2.9.RELEASE.jar:5.2.9.RELEASE]
	at org.springframework.web.filter.OncePerRequestFilter.doFilter(OncePerRequestFilter.java:119) ~[spring-web-5.2.9.RELEASE.jar:5.2.9.RELEASE]
	at org.apache.catalina.core.ApplicationFilterChain.internalDoFilter(ApplicationFilterChain.java:193) ~[tomcat-embed-core-9.0.38.jar:9.0.38]
	at org.apache.catalina.core.ApplicationFilterChain.doFilter(ApplicationFilterChain.java:166) ~[tomcat-embed-core-9.0.38.jar:9.0.38]
	at org.springframework.web.filter.CharacterEncodingFilter.doFilterInternal(CharacterEncodingFilter.java:201) ~[spring-web-5.2.9.RELEASE.jar:5.2.9.RELEASE]
	at org.springframework.web.filter.OncePerRequestFilter.doFilter(OncePerRequestFilter.java:119) ~[spring-web-5.2.9.RELEASE.jar:5.2.9.RELEASE]
	at org.apache.catalina.core.ApplicationFilterChain.internalDoFilter(ApplicationFilterChain.java:193) ~[tomcat-embed-core-9.0.38.jar:9.0.38]
	at org.apache.catalina.core.ApplicationFilterChain.doFilter(ApplicationFilterChain.java:166) ~[tomcat-embed-core-9.0.38.jar:9.0.38]
	at org.apache.catalina.core.StandardWrapperValve.invoke(StandardWrapperValve.java:202) ~[tomcat-embed-core-9.0.38.jar:9.0.38]
	at org.apache.catalina.core.StandardContextValve.invoke(StandardContextValve.java:97) [tomcat-embed-core-9.0.38.jar:9.0.38]
	at org.apache.catalina.authenticator.AuthenticatorBase.invoke(AuthenticatorBase.java:541) [tomcat-embed-core-9.0.38.jar:9.0.38]
	at org.apache.catalina.core.StandardHostValve.invoke(StandardHostValve.java:143) [tomcat-embed-core-9.0.38.jar:9.0.38]
	at org.apache.catalina.valves.ErrorReportValve.invoke(ErrorReportValve.java:92) [tomcat-embed-core-9.0.38.jar:9.0.38]
	at org.apache.catalina.core.StandardEngineValve.invoke(StandardEngineValve.java:78) [tomcat-embed-core-9.0.38.jar:9.0.38]
	at org.apache.catalina.connector.CoyoteAdapter.service(CoyoteAdapter.java:343) [tomcat-embed-core-9.0.38.jar:9.0.38]
	at org.apache.coyote.http11.Http11Processor.service(Http11Processor.java:374) [tomcat-embed-core-9.0.38.jar:9.0.38]
	at org.apache.coyote.AbstractProcessorLight.process(AbstractProcessorLight.java:65) [tomcat-embed-core-9.0.38.jar:9.0.38]
	at org.apache.coyote.AbstractProtocol$ConnectionHandler.process(AbstractProtocol.java:868) [tomcat-embed-core-9.0.38.jar:9.0.38]
	at org.apache.tomcat.util.net.NioEndpoint$SocketProcessor.doRun(NioEndpoint.java:1590) [tomcat-embed-core-9.0.38.jar:9.0.38]
	at org.apache.tomcat.util.net.SocketProcessorBase.run(SocketProcessorBase.java:49) [tomcat-embed-core-9.0.38.jar:9.0.38]
	at java.util.concurrent.ThreadPoolExecutor.runWorker(ThreadPoolExecutor.java:1149) [na:1.8.0_232]
	at java.util.concurrent.ThreadPoolExecutor$Worker.run(ThreadPoolExecutor.java:624) [na:1.8.0_232]
	at org.apache.tomcat.util.threads.TaskThread$WrappingRunnable.run(TaskThread.java:61) [tomcat-embed-core-9.0.38.jar:9.0.38]
	at java.lang.Thread.run(Thread.java:748) [na:1.8.0_232]

2020-10-05 11:02:43.920  INFO 10694 --- [SpringContextShutdownHook] o.s.s.concurrent.ThreadPoolTaskExecutor  : Shutting down ExecutorService 'applicationTaskExecutor'
2020-10-05 11:02:47.639  INFO 11291 --- [main] com.liming.App                           : Starting App on LimingdeMBP.lan with PID 11291 (/Users/yiliming/Code/SpringBootDemo/target/classes started by yiliming in /Users/yiliming/Code/SpringBootDemo)
2020-10-05 11:02:47.641 DEBUG 11291 --- [main] com.liming.App                           : Running with Spring Boot v2.3.4.RELEASE, Spring v5.2.9.RELEASE
2020-10-05 11:02:47.641  INFO 11291 --- [main] com.liming.App                           : No active profile set, falling back to default profiles: default
2020-10-05 11:02:48.114  WARN 11291 --- [main] o.m.s.mapper.ClassPathMapperScanner      : Skipping MapperFactoryBean with name 'userMapper' and 'com.liming.mapper.UserMapper' mapperInterface. Bean already defined with the same name!
2020-10-05 11:02:48.115  WARN 11291 --- [main] o.m.s.mapper.ClassPathMapperScanner      : No MyBatis mapper was found in '[com.liming.mapper]' package. Please check your configuration.
2020-10-05 11:02:48.377  INFO 11291 --- [main] o.s.b.w.embedded.tomcat.TomcatWebServer  : Tomcat initialized with port(s): 8888 (http)
2020-10-05 11:02:48.384  INFO 11291 --- [main] o.apache.catalina.core.StandardService   : Starting service [Tomcat]
2020-10-05 11:02:48.385  INFO 11291 --- [main] org.apache.catalina.core.StandardEngine  : Starting Servlet engine: [Apache Tomcat/9.0.38]
2020-10-05 11:02:48.433  INFO 11291 --- [main] o.a.c.c.C.[Tomcat].[localhost].[/demo]   : Initializing Spring embedded WebApplicationContext
2020-10-05 11:02:48.433  INFO 11291 --- [main] w.s.c.ServletWebServerApplicationContext : Root WebApplicationContext: initialization completed in 759 ms
2020-10-05 11:02:48.565  INFO 11291 --- [main] o.s.s.concurrent.ThreadPoolTaskExecutor  : Initializing ExecutorService 'applicationTaskExecutor'
2020-10-05 11:02:48.628  INFO 11291 --- [main] o.s.b.a.w.s.WelcomePageHandlerMapping    : Adding welcome page: class path resource [static/index.html]
2020-10-05 11:02:49.009  INFO 11291 --- [main] o.s.b.w.embedded.tomcat.TomcatWebServer  : Tomcat started on port(s): 8888 (http) with context path '/demo'
2020-10-05 11:02:49.018  INFO 11291 --- [main] com.liming.App                           : Started App in 1.662 seconds (JVM running for 2.096)
2020-10-05 11:02:58.655  INFO 11291 --- [SpringContextShutdownHook] o.s.s.concurrent.ThreadPoolTaskExecutor  : Shutting down ExecutorService 'applicationTaskExecutor'
